# JRE version: Java(TM) SE Runtime Environment 18.9 (11.0.21+9) (build 11.0.21+9-LTS-193)
# Java VM: Java HotSpot(TM) 64-Bit Server VM 18.9 (11.0.21+9-LTS-193, mixed mode, tiered, compressed oops, g1 gc, windows-amd64)
Heap:
 garbage-first heap   total 262144K, used 74219K [0x0000000701000000, 0x0000000800000000)
  region size 1024K, 71 young (72704K), 4 survivors (4096K)
 Metaspace       used 24253K, capacity 24876K, committed 25216K, reserved 1071104K
  class space    used 2622K, capacity 2840K, committed 2944K, reserved 1048576K
GC Heap History (8 events):
Event: 0.528 GC heap before
{Heap before GC invocations=0 (full 0):
 garbage-first heap   total 262144K, used 14336K [0x0000000701000000, 0x0000000800000000)
  region size 1024K, 14 young (14336K), 0 survivors (0K)
 Metaspace       used 10852K, capacity 11048K, committed 11136K, reserved 1058816K
  class space    used 1030K, capacity 1114K, committed 1152K, reserved 1048576K
}
Event: 0.532 GC heap after
{Heap after GC invocations=1 (full 0):
 garbage-first heap   total 262144K, used 3148K [0x0000000701000000, 0x0000000800000000)
  region size 1024K, 2 young (2048K), 2 survivors (2048K)
 Metaspace       used 10852K, capacity 11048K, committed 11136K, reserved 1058816K
  class space    used 1030K, capacity 1114K, committed 1152K, reserved 1048576K
}
Event: 0.802 GC heap before
{Heap before GC invocations=1 (full 0):
 garbage-first heap   total 262144K, used 13388K [0x0000000701000000, 0x0000000800000000)
  region size 1024K, 12 young (12288K), 2 survivors (2048K)
 Metaspace       used 13251K, capacity 13423K, committed 13568K, reserved 1060864K
  class space    used 1355K, capacity 1460K, committed 1536K, reserved 1048576K
}
Event: 0.805 GC heap after
{Heap after GC invocations=2 (full 0):
 garbage-first heap   total 262144K, used 3767K [0x0000000701000000, 0x0000000800000000)
  region size 1024K, 1 young (1024K), 1 survivors (1024K)
 Metaspace       used 13251K, capacity 13423K, committed 13568K, reserved 1060864K
  class space    used 1355K, capacity 1460K, committed 1536K, reserved 1048576K
}
Event: 1.384 GC heap before
{Heap before GC invocations=2 (full 0):
 garbage-first heap   total 262144K, used 33463K [0x0000000701000000, 0x0000000800000000)
  region size 1024K, 30 young (30720K), 1 survivors (1024K)
 Metaspace       used 15691K, capacity 15959K, committed 16128K, reserved 1062912K
  class space    used 1659K, capacity 1789K, committed 1792K, reserved 1048576K
}
Event: 1.387 GC heap after
{Heap after GC invocations=3 (full 0):
 garbage-first heap   total 262144K, used 4702K [0x0000000701000000, 0x0000000800000000)
  region size 1024K, 2 young (2048K), 2 survivors (2048K)
 Metaspace       used 15691K, capacity 15959K, committed 16128K, reserved 1062912K
  class space    used 1659K, capacity 1789K, committed 1792K, reserved 1048576K
}
Event: 2.020 GC heap before
{Heap before GC invocations=3 (full 0):
 garbage-first heap   total 262144K, used 34398K [0x0000000701000000, 0x0000000800000000)
  region size 1024K, 32 young (32768K), 2 survivors (2048K)
 Metaspace       used 20813K, capacity 21136K, committed 21248K, reserved 1069056K
  class space    used 2311K, capacity 2467K, committed 2560K, reserved 1048576K
}
Event: 2.024 GC heap after
{Heap after GC invocations=4 (full 0):
 garbage-first heap   total 262144K, used 6635K [0x0000000701000000, 0x0000000800000000)
  region size 1024K, 4 young (4096K), 4 survivors (4096K)
 Metaspace       used 20813K, capacity 21136K, committed 21248K, reserved 1069056K
  class space    used 2311K, capacity 2467K, committed 2560K, reserved 1048576K
}

